------
FLAGS
------
train-file: data/speed_pair_vecs.train.lab.model1
test-file: data/speed_pair_vecs.test.lab.model1
model-name: runs/speed_pair_vecs.model.lab.model1
output-file: null
train: true
test: true
iters: 100
label: false
max-sent: -1
lambdaEta: 0.9
C: 0.0
cc: 0.001
R: 100
NumThreads: 4
word-vector:null
loss: SMOOTHED_HINGE
------

Creating Pair Instance: 100
Creating Pair Instance: 200
Creating Pair Instance: 300
Creating Pair Instance: 400
Creating Pair Instance: 500
Creating Pair Instance: 600
Creating Pair Instance: 700
Creating Pair Instance: 800
Creating Pair Instance: 900
Creating Pair Instance: 1000
Creating Pair Instance: 1100
Creating Pair Instance: 1200
Creating Pair Instance: 1300
Creating Pair Instance: 1400
Creating Pair Instance: 1500
Creating Pair Instance: 1600
Creating Pair Instance: 1700
Creating Pair Instance: 1800
Creating Pair Instance: 1900
Creating Pair Instance: 2000
Creating Pair Instance: 2100
Creating Pair Instance: 2200
Creating Pair Instance: 2300
Creating Pair Instance: 2400
Creating Pair Instance: 2500
Creating Pair Instance: 2600
Creating Pair Instance: 2700
Creating Pair Instance: 2800
Creating Pair Instance: 2900
Creating Pair Instance: 3000
Creating Pair Instance: 3100
Creating Pair Instance: 3200
Creating Pair Instance: 3300
Creating Pair Instance: 3400
Creating Pair Instance: 3500
Creating Pair Instance: 3600
Creating Pair Instance: 3700
Creating Pair Instance: 3800
Creating Pair Instance: 3900
Creating Pair Instance: 4000
Creating Pair Instance: 4100
Creating Pair Instance: 4200
Creating Pair Instance: 4300
Creating Pair Instance: 4400
Creating Pair Instance: 4500
Creating Pair Instance: 4600
Creating Pair Instance: 4700
Creating Pair Instance: 4800
Creating Pair Instance: 4900
Creating Pair Instance: 5000
Creating Pair Instance: 5100
Creating Pair Instance: 5200
Creating Pair Instance: 5300
Creating Pair Instance: 5400
Creating Pair Instance: 5500
Creating Pair Instance: 5600
Creating Pair Instance: 5700
Creating Pair Instance: 5800
Creating Pair Instance: 5900
Creating Pair Instance: 6000
Creating Pair Instance: 6100
Creating Pair Instance: 6200
Creating Pair Instance: 6300
Creating Pair Instance: 6400
Creating Pair Instance: 6500
Creating Pair Instance: 6600
Creating Pair Instance: 6700
Creating Pair Instance: 6800
Creating Pair Instance: 6900
Creating Pair Instance: 7000
Creating Pair Instance: 7100
Creating Pair Instance: 7200
Creating Pair Instance: 7300
Creating Pair Instance: 7400
Creating Pair Instance: 7500
Creating Pair Instance: 7600
Creating Pair Instance: 7700
Creating Pair Instance: 7800
Creating Pair Instance: 7900
Creating Pair Instance: 8000
Creating Pair Instance: 8100
Creating Pair Instance: 8200
Creating Pair Instance: 8300
Creating Pair Instance: 8400
Creating Pair Instance: 8500
Creating Pair Instance: 8600
Creating Pair Instance: 8700
Creating Pair Instance: 8800
Creating Pair Instance: 8900
Creating Pair Instance: 9000
Creating Pair Instance: 9100
Creating Pair Instance: 9200
Creating Pair Instance: 9300
Creating Pair Instance: 9400
Creating Pair Instance: 9500
Creating Pair Instance: 9600
Creating Pair Instance: 9700
Creating Pair Instance: 9800
Creating Pair Instance: 9900
Creating Pair Instance: 10000
Creating Pair Instance: 10100
Creating Pair Instance: 10200
Creating Pair Instance: 10300
Creating Pair Instance: 10400
Creating Pair Instance: 10500
Creating Pair Instance: 10600
Creating Pair Instance: 10700
Creating Pair Instance: 10800
Creating Pair Instance: 10900
Creating Pair Instance: 11000
Creating Pair Instance: 11100
Creating Pair Instance: 11200
Creating Pair Instance: 11300
Creating Pair Instance: 11400
Creating Pair Instance: 11500
Creating Pair Instance: 11600
Creating Pair Instance: 11700
Creating Pair Instance: 11800
Creating Pair Instance: 11900
Creating Pair Instance: 12000
Creating Pair Instance: 12100
Creating Pair Instance: 12200
Creating Pair Instance: 12300
Creating Pair Instance: 12400
Creating Pair Instance: 12500
Creating Pair Instance: 12600
Creating Pair Instance: 12700
Creating Pair Instance: 12800
Creating Pair Instance: 12900
Creating Pair Instance: 13000
Creating Pair Instance: 13100
Creating Pair Instance: 13200
Creating Pair Instance: 13300
Creating Pair Instance: 13400
Creating Pair Instance: 13500
Creating Pair Instance: 13600
Creating Pair Instance: 13700
Creating Pair Instance: 13800
Creating Pair Instance: 13900
Creating Pair Instance: 14000
Creating Pair Instance: 14100
Creating Pair Instance: 14200
Creating Pair Instance: 14300
Creating Pair Instance: 14400
Creating Pair Instance: 14500
Creating Pair Instance: 14600
Creating Pair Instance: 14700
Creating Pair Instance: 14800
Creating Pair Instance: 14900
Creating Pair Instance: 15000
Creating Pair Instance: 15100
Creating Pair Instance: 15200
Creating Pair Instance: 15300
Creating Pair Instance: 15400
Creating Pair Instance: 15500
Creating Pair Instance: 15600
Creating Pair Instance: 15700
Creating Pair Instance: 15800
Creating Pair Instance: 15900
Creating Pair Instance: 16000
Creating Pair Instance: 16100
Creating Pair Instance: 16200
Creating Pair Instance: 16300
Creating Pair Instance: 16400
Creating Pair Instance: 16500
Creating Pair Instance: 16600
Creating Pair Instance: 16700
Creating Pair Instance: 16800
Creating Pair Instance: 16900
Creating Pair Instance: 17000
Creating Pair Instance: 17100
Creating Pair Instance: 17200
Creating Pair Instance: 17300
Creating Pair Instance: 17400
Creating Pair Instance: 17500
Creating Pair Instance: 17600
Creating Pair Instance: 17700
Creating Pair Instance: 17800
Creating Pair Instance: 17900
Creating Pair Instance: 18000
Creating Pair Instance: 18100
Creating Pair Instance: 18200
Creating Pair Instance: 18300
Creating Pair Instance: 18400
Creating Pair Instance: 18500
Creating Pair Instance: 18600
Creating Pair Instance: 18700
Creating Pair Instance: 18800
Creating Pair Instance: 18900
Creating Pair Instance: 19000
Creating Pair Instance: 19100
Creating Pair Instance: 19200
Creating Pair Instance: 19300
Creating Pair Instance: 19400
Creating Pair Instance: 19500
Creating Pair Instance: 19600
Creating Pair Instance: 19700
Creating Pair Instance: 19800
Creating Pair Instance: 19900
Creating Pair Instance: 20000
Creating Pair Instance: 20100
Creating Pair Instance: 20200
Creating Pair Instance: 20300
Creating Pair Instance: 20400
Creating Pair Instance: 20500
Creating Pair Instance: 20600
Creating Pair Instance: 20700
Creating Pair Instance: 20800
Creating Pair Instance: 20900
Creating Pair Instance: 21000
Creating Pair Instance: 21100
Creating Pair Instance: 21200
Creating Pair Instance: 21300
Creating Pair Instance: 21400
Creating Pair Instance: 21500
Creating Pair Instance: 21600
Creating Pair Instance: 21700
Creating Pair Instance: 21800
Creating Pair Instance: 21900
Creating Pair Instance: 22000
Creating Pair Instance: 22100
Creating Pair Instance: 22200
Creating Pair Instance: 22300
Creating Pair Instance: 22400
Creating Pair Instance: 22500
Creating Pair Instance: 22600
Creating Pair Instance: 22700
Creating Pair Instance: 22800
Creating Pair Instance: 22900
Creating Pair Instance: 23000
Creating Pair Instance: 23100
Creating Pair Instance: 23200
Creating Pair Instance: 23300
Creating Pair Instance: 23400
Creating Pair Instance: 23500
Creating Pair Instance: 23600
Creating Pair Instance: 23700
Creating Pair Instance: 23800
Creating Pair Instance: 23900
Creating Pair Instance: 24000
Creating Pair Instance: 24100
Creating Pair Instance: 24200
Creating Pair Instance: 24300
Creating Pair Instance: 24400
Creating Pair Instance: 24500
Creating Pair Instance: 24600
Creating Pair Instance: 24700
Creating Pair Instance: 24800
Creating Pair Instance: 24900
Creating Pair Instance: 25000
Creating Pair Instance: 25100
Creating Pair Instance: 25200
Creating Pair Instance: 25300
Creating Pair Instance: 25400
Creating Pair Instance: 25500
Creating Pair Instance: 25600
Creating Pair Instance: 25700
Creating Pair Instance: 25800
Creating Pair Instance: 25900
Creating Pair Instance: 26000
Creating Pair Instance: 26100
Creating Pair Instance: 26200
Creating Pair Instance: 26300
Creating Pair Instance: 26400
Creating Pair Instance: 26500
Creating Pair Instance: 26600
Creating Pair Instance: 26700
Creating Pair Instance: 26800
Creating Pair Instance: 26900
Creating Pair Instance: 27000
Creating Pair Instance: 27100
Creating Pair Instance: 27200
Creating Pair Instance: 27300
Creating Pair Instance: 27400
Creating Pair Instance: 27500
Creating Pair Instance: 27600
Creating Pair Instance: 27700
Creating Pair Instance: 27800
Creating Pair Instance: 27900
Creating Pair Instance: 28000
Creating Pair Instance: 28100
Creating Pair Instance: 28200
Creating Pair Instance: 28300
Creating Pair Instance: 28400
Creating Pair Instance: 28500
Creating Pair Instance: 28600
Creating Pair Instance: 28700
Creating Pair Instance: 28800
Creating Pair Instance: 28900
Creating Pair Instance: 29000
Creating Pair Instance: 29100
Creating Pair Instance: 29200
Creating Pair Instance: 29300
Creating Pair Instance: 29400
Creating Pair Instance: 29500
Creating Pair Instance: 29600
Creating Pair Instance: 29700
Creating Pair Instance: 29800
Creating Pair Instance: 29900
Creating Pair Instance: 30000
Creating Pair Instance: 30100
Creating Pair Instance: 30200
Creating Pair Instance: 30300
Creating Pair Instance: 30400
Creating Pair Instance: 30500
Creating Pair Instance: 30600
Creating Pair Instance: 30700
Creating Pair Instance: 30800
Creating Pair Instance: 30900
Creating Pair Instance: 31000
Creating Pair Instance: 31100
Creating Pair Instance: 31200
Creating Pair Instance: 31300
Creating Pair Instance: 31400
Creating Pair Instance: 31500
Creating Pair Instance: 31600
Creating Pair Instance: 31700
Creating Pair Instance: 31800
Creating Pair Instance: 31900
Creating Pair Instance: 32000
Creating Pair Instance: 32100
Creating Pair Instance: 32200
Creating Pair Instance: 32300
Creating Pair Instance: 32400
Creating Pair Instance: 32500
Creating Pair Instance: 32600
Creating Pair Instance: 32700
Creating Pair Instance: 32800
Creating Pair Instance: 32900
Creating Pair Instance: 33000
Creating Pair Instance: 33100
Creating Pair Instance: 33200
Creating Pair Instance: 33300
Creating Pair Instance: 33400
Creating Pair Instance: 33500
Creating Pair Instance: 33600
Creating Pair Instance: 33700
Creating Pair Instance: 33800
Creating Pair Instance: 33900
Creating Pair Instance: 34000
Creating Pair Instance: 34100
Creating Pair Instance: 34200
Creating Pair Instance: 34300
Creating Pair Instance: 34400
Creating Pair Instance: 34500
Creating Pair Instance: 34600
Creating Pair Instance: 34700
Creating Pair Instance: 34800
Creating Pair Instance: 34900
Creating Pair Instance: 35000
Creating Pair Instance: 35100
Creating Pair Instance: 35200
Creating Pair Instance: 35300
Creating Pair Instance: 35400
Creating Pair Instance: 35500
Creating Pair Instance: 35600
Creating Pair Instance: 35700
Creating Pair Instance: 35800
Creating Pair Instance: 35900
Creating Pair Instance: 36000
Creating Pair Instance: 36100
Creating Pair Instance: 36200
Creating Pair Instance: 36300
Creating Pair Instance: 36400
Creating Pair Instance: 36500
Creating Pair Instance: 36600
Creating Pair Instance: 36700
Creating Pair Instance: 36800
Creating Pair Instance: 36900
Creating Pair Instance: 37000
Creating Pair Instance: 37100
Creating Pair Instance: 37200
Creating Pair Instance: 37300
Creating Pair Instance: 37400
Creating Pair Instance: 37500
Creating Pair Instance: 37600
Creating Pair Instance: 37700
Creating Pair Instance: 37800
Creating Pair Instance: 37900
Creating Pair Instance: 38000
Creating Pair Instance: 38100
Creating Pair Instance: 38200
Creating Pair Instance: 38300
Creating Pair Instance: 38400
Creating Pair Instance: 38500
Creating Pair Instance: 38600
Creating Pair Instance: 38700
Creating Pair Instance: 38800
Creating Pair Instance: 38900
Creating Pair Instance: 39000
Creating Pair Instance: 39100
Creating Pair Instance: 39200
Creating Pair Instance: 39300
Creating Pair Instance: 39400
Creating Pair Instance: 39500
Creating Pair Instance: 39600
Creating Pair Instance: 39700
Creating Pair Instance: 39800
Creating Pair Instance: 39900
Creating Pair Instance: 40000
Creating Pair Instance: 40100
Creating Pair Instance: 40200
Creating Pair Instance: 40300
Creating Pair Instance: 40400
Creating Pair Instance: 40500
Creating Pair Instance: 40600
Creating Pair Instance: 40700
Creating Pair Instance: 40800
Creating Pair Instance: 40900
Creating Pair Instance: 41000
Creating Pair Instance: 41100
Creating Pair Instance: 41200
Creating Pair Instance: 41300
Creating Pair Instance: 41400
Creating Pair Instance: 41500
Creating Pair Instance: 41600
Creating Pair Instance: 41700
Creating Pair Instance: 41800
Creating Pair Instance: 41900
Creating Pair Instance: 42000
Creating Pair Instance: 42100
Creating Pair Instance: 42200
Creating Pair Instance: 42300
Creating Pair Instance: 42400
Creating Pair Instance: 42500
Creating Pair Instance: 42600
Creating Pair Instance: 42700
Creating Pair Instance: 42800
Creating Pair Instance: 42900
Creating Pair Instance: 43000
Creating Pair Instance: 43100
Creating Pair Instance: 43200
Creating Pair Instance: 43300
Creating Pair Instance: 43400
Creating Pair Instance: 43500
Creating Pair Instance: 43600
Creating Pair Instance: 43700
Creating Pair Instance: 43800
Creating Pair Instance: 43900
Creating Pair Instance: 44000
Creating Pair Instance: 44100
Creating Pair Instance: 44200
Creating Pair Instance: 44300
Creating Pair Instance: 44400
Creating Pair Instance: 44500
Creating Pair Instance: 44600
Creating Pair Instance: 44700
Creating Pair Instance: 44800
Creating Pair Instance: 44900
Creating Pair Instance: 45000
Creating Pair Instance: 45100
Creating Pair Instance: 45200
Creating Pair Instance: 45300
Creating Pair Instance: 45400
Creating Pair Instance: 45500
Creating Pair Instance: 45600
Creating Pair Instance: 45700
Creating Pair Instance: 45800
Creating Pair Instance: 45900
Creating Pair Instance: 46000
Creating Pair Instance: 46100
Creating Pair Instance: 46200
Creating Pair Instance: 46300
Creating Pair Instance: 46400
Creating Pair Instance: 46500
Creating Pair Instance: 46600
Creating Pair Instance: 46700
Creating Pair Instance: 46800
Creating Pair Instance: 46900
Creating Pair Instance: 47000
Creating Pair Instance: 47100
Creating Pair Instance: 47200
Creating Pair Instance: 47300
Creating Pair Instance: 47400
Creating Pair Instance: 47500
Creating Pair Instance: 47600
Creating Pair Instance: 47700
Creating Pair Instance: 47800
Creating Pair Instance: 47900
Creating Pair Instance: 48000
Creating Pair Instance: 48100
Creating Pair Instance: 48200
Creating Pair Instance: 48300
Creating Pair Instance: 48400
Creating Pair Instance: 48500
Creating Pair Instance: 48600
Creating Pair Instance: 48700
Creating Pair Instance: 48800
Creating Pair Instance: 48900
Creating Pair Instance: 49000
Creating Pair Instance: 49100
Creating Pair Instance: 49200
Creating Pair Instance: 49300
Creating Pair Instance: 49400
Creating Pair Instance: 49500
Creating Pair Instance: 49600
Creating Pair Instance: 49700
Creating Pair Instance: 49800
Creating Pair Instance: 49900
Creating Pair Instance: 50000
Creating Pair Instance: 50100
Creating Pair Instance: 50200
Creating Pair Instance: 50300
Creating Pair Instance: 50400
Creating Pair Instance: 50500
Creating Pair Instance: 50600
Creating Pair Instance: 50700
Creating Pair Instance: 50800
Creating Pair Instance: 50900
Creating Pair Instance: 51000
Creating Pair Instance: 51100
Creating Pair Instance: 51200
Creating Pair Instance: 51300
Creating Pair Instance: 51400
Creating Pair Instance: 51500
Creating Pair Instance: 51600
Creating Pair Instance: 51700
Creating Pair Instance: 51800
Creating Pair Instance: 51900
Creating Pair Instance: 52000
Creating Pair Instance: 52100
Creating Pair Instance: 52200
Creating Pair Instance: 52300
Creating Pair Instance: 52400
Creating Pair Instance: 52500
Creating Pair Instance: 52600
Creating Pair Instance: 52700
Creating Pair Instance: 52800
Creating Pair Instance: 52900
Creating Pair Instance: 53000
Creating Pair Instance: 53100
Creating Pair Instance: 53200
Creating Pair Instance: 53300
Creating Pair Instance: 53400
Creating Pair Instance: 53500
Creating Pair Instance: 53600
Creating Pair Instance: 53700
Creating Pair Instance: 53800
Creating Pair Instance: 53900
Creating Pair Instance: 54000
Creating Pair Instance: 54100
Creating Pair Instance: 54200
Creating Pair Instance: 54300
Creating Pair Instance: 54400
Creating Pair Instance: 54500
Creating Pair Instance: 54600
Creating Pair Instance: 54700
Creating Pair Instance: 54800
Creating Pair Instance: 54900
Creating Pair Instance: 55000
Creating Pair Instance: 55100
Creating Pair Instance: 55200
Creating Pair Instance: 55300
Creating Pair Instance: 55400
Creating Pair Instance: 55500
Creating Pair Instance: 55600
Creating Pair Instance: 55700
Creating Pair Instance: 55800
Creating Pair Instance: 55900
Creating Pair Instance: 56000
Creating Pair Instance: 56100
Creating Pair Instance: 56200
Creating Pair Instance: 56300
Creating Pair Instance: 56400
Creating Pair Instance: 56500
Creating Pair Instance: 56600
Creating Pair Instance: 56700
Creating Pair Instance: 56800
Creating Pair Instance: 56900
Creating Pair Instance: 57000
Creating Pair Instance: 57100
Creating Pair Instance: 57200
Creating Pair Instance: 57300
Creating Pair Instance: 57400
Creating Pair Instance: 57500
Creating Pair Instance: 57600
Creating Pair Instance: 57700
Creating Pair Instance: 57800
Creating Pair Instance: 57900
Creating Pair Instance: 58000
Creating Pair Instance: 58100
Creating Pair Instance: 58200
Creating Pair Instance: 58300
Creating Pair Instance: 58400
Creating Pair Instance: 58500
Creating Pair Instance: 58600
Creating Pair Instance: 58700
Creating Pair Instance: 58800
Creating Pair Instance: 58900
Creating Pair Instance: 59000
Creating Pair Instance: 59100
Creating Pair Instance: 59200
Creating Pair Instance: 59300
Creating Pair Instance: 59400
Creating Pair Instance: 59500
Creating Pair Instance: 59600
Creating Pair Instance: 59700
Creating Pair Instance: 59800
Creating Pair Instance: 59900
Creating Pair Instance: 60000
Creating Pair Instance: 60100
Creating Pair Instance: 60200
Creating Pair Instance: 60300
Creating Pair Instance: 60400
Creating Pair Instance: 60500
Creating Pair Instance: 60600
Creating Pair Instance: 60700
Creating Pair Instance: 60800
Creating Pair Instance: 60900
Creating Pair Instance: 61000
Creating Pair Instance: 61100
Creating Pair Instance: 61200
Creating Pair Instance: 61300
Creating Pair Instance: 61400
Creating Pair Instance: 61500
Creating Pair Instance: 61600
Creating Pair Instance: 61700
Creating Pair Instance: 61800
Creating Pair Instance: 61900
Creating Pair Instance: 62000
Creating Pair Instance: 62100
Creating Pair Instance: 62200
Creating Pair Instance: 62300
Creating Pair Instance: 62400
Creating Pair Instance: 62500
Creating Pair Instance: 62600
Creating Pair Instance: 62700
Creating Pair Instance: 62800
Creating Pair Instance: 62900
Creating Pair Instance: 63000
Creating Pair Instance: 63100
Creating Pair Instance: 63200
Creating Pair Instance: 63300
Creating Pair Instance: 63400
Creating Pair Instance: 63500
Creating Pair Instance: 63600
Creating Pair Instance: 63700
Creating Pair Instance: 63800
Creating Pair Instance: 63900
Creating Pair Instance: 64000
Creating Pair Instance: 64100
Creating Pair Instance: 64200
Creating Pair Instance: 64300
Creating Pair Instance: 64400
Creating Pair Instance: 64500
Creating Pair Instance: 64600
Creating Pair Instance: 64700
Creating Pair Instance: 64800
Creating Pair Instance: 64900
Creating Pair Instance: 65000
Creating Pair Instance: 65100
Creating Pair Instance: 65200
Creating Pair Instance: 65300
Creating Pair Instance: 65400
Creating Pair Instance: 65500
Creating Pair Instance: 65600
Creating Pair Instance: 65700
Creating Pair Instance: 65800
Creating Pair Instance: 65900
Creating Pair Instance: 66000
Creating Pair Instance: 66100
Creating Pair Instance: 66200
Creating Pair Instance: 66300
Creating Pair Instance: 66400
Creating Pair Instance: 66500
Creating Pair Instance: 66600
Creating Pair Instance: 66700
Creating Pair Instance: 66800
Creating Pair Instance: 66900
Creating Pair Instance: 67000
Creating Pair Instance: 67100
Creating Pair Instance: 67200
Creating Pair Instance: 67300
Creating Pair Instance: 67400
Creating Pair Instance: 67500
Creating Pair Instance: 67600
Creating Pair Instance: 67700
Creating Pair Instance: 67800
Creating Pair Instance: 67900
Creating Pair Instance: 68000
Creating Pair Instance: 68100
Creating Pair Instance: 68200
Creating Pair Instance: 68300
Creating Pair Instance: 68400
Creating Pair Instance: 68500
Creating Pair Instance: 68600
Creating Pair Instance: 68700
Creating Pair Instance: 68800
Creating Pair Instance: 68900
Creating Pair Instance: 69000
Creating Pair Instance: 69100
Creating Pair Instance: 69200
Creating Pair Instance: 69300
Creating Pair Instance: 69400
Creating Pair Instance: 69500
Creating Pair Instance: 69600
Creating Pair Instance: 69700
Creating Pair Instance: 69800
Creating Pair Instance: 69900
Creating Pair Instance: 70000
Creating Pair Instance: 70100
Creating Pair Instance: 70200
Creating Pair Instance: 70300
Creating Pair Instance: 70400
Creating Pair Instance: 70500
Creating Pair Instance: 70600
Creating Pair Instance: 70700
Creating Pair Instance: 70800
Creating Pair Instance: 70900
Creating Pair Instance: 71000
Creating Pair Instance: 71100
Creating Pair Instance: 71200
Creating Pair Instance: 71300
Creating Pair Instance: 71400
Creating Pair Instance: 71500
Creating Pair Instance: 71600
Creating Pair Instance: 71700
Creating Pair Instance: 71800
Creating Pair Instance: 71900
Creating Pair Instance: 72000
Creating Pair Instance: 72100
Creating Pair Instance: 72200
Creating Pair Instance: 72300
Creating Pair Instance: 72400
Creating Pair Instance: 72500
Creating Pair Instance: 72600
Creating Pair Instance: 72700
Creating Pair Instance: 72800
Creating Pair Instance: 72900
Creating Pair Instance: 73000
Creating Pair Instance: 73100
Creating Pair Instance: 73200
Creating Pair Instance: 73300
Creating Pair Instance: 73400
Creating Pair Instance: 73500
Creating Pair Instance: 73600
Creating Pair Instance: 73700
Creating Pair Instance: 73800
Creating Pair Instance: 73900
Creating Pair Instance: 74000
Creating Pair Instance: 74100
Creating Pair Instance: 74200
Creating Pair Instance: 74300
Creating Pair Instance: 74400
Creating Pair Instance: 74500
Creating Pair Instance: 74600
Creating Pair Instance: 74700
Creating Pair Instance: 74800
Creating Pair Instance: 74900
Creating Pair Instance: 75000
Creating Pair Instance: 75100
Creating Pair Instance: 75200
Creating Pair Instance: 75300
Creating Pair Instance: 75400
Creating Pair Instance: 75500
Creating Pair Instance: 75600
Creating Pair Instance: 75700
Creating Pair Instance: 75800
Creating Pair Instance: 75900
Creating Pair Instance: 76000
Creating Pair Instance: 76100
Creating Pair Instance: 76200
Creating Pair Instance: 76300
Creating Pair Instance: 76400
Creating Pair Instance: 76500
Creating Pair Instance: 76600
Creating Pair Instance: 76700
Creating Pair Instance: 76800
Creating Pair Instance: 76900
Creating Pair Instance: 77000
Creating Pair Instance: 77100
Creating Pair Instance: 77200
Creating Pair Instance: 77300
Creating Pair Instance: 77400
Creating Pair Instance: 77500
Creating Pair Instance: 77600
Creating Pair Instance: 77700
Creating Pair Instance: 77800
Creating Pair Instance: 77900
Creating Pair Instance: 78000
Creating Pair Instance: 78100
Creating Pair Instance: 78200
Creating Pair Instance: 78300
Creating Pair Instance: 78400
Creating Pair Instance: 78500
Creating Pair Instance: 78600
Creating Pair Instance: 78700
Creating Pair Instance: 78800
Creating Pair Instance: 78900
Creating Pair Instance: 79000
Creating Pair Instance: 79100
Creating Pair Instance: 79200
Creating Pair Instance: 79300
Creating Pair Instance: 79400
Creating Pair Instance: 79500
Creating Pair Instance: 79600
Creating Pair Instance: 79700
Creating Pair Instance: 79800
Creating Pair Instance: 79900
Creating Pair Instance: 80000
Creating Pair Instance: 80100
Creating Pair Instance: 80200
Creating Pair Instance: 80300
Creating Pair Instance: 80400
Creating Pair Instance: 80500
Creating Pair Instance: 80600
Creating Pair Instance: 80700
Creating Pair Instance: 80800
Creating Pair Instance: 80900
Creating Pair Instance: 81000
Creating Pair Instance: 81100
Creating Pair Instance: 81200
Creating Pair Instance: 81300
Creating Pair Instance: 81400
Creating Pair Instance: 81500
Creating Pair Instance: 81600
Creating Pair Instance: 81700
Creating Pair Instance: 81800
Creating Pair Instance: 81900
Creating Pair Instance: 82000
Creating Pair Instance: 82100
Creating Pair Instance: 82200
Creating Pair Instance: 82300
Creating Pair Instance: 82400
Creating Pair Instance: 82500
Creating Pair Instance: 82600
Creating Pair Instance: 82700
Creating Pair Instance: 82800
Creating Pair Instance: 82900
Creating Pair Instance: 83000
Creating Pair Instance: 83100
Creating Pair Instance: 83200
Creating Pair Instance: 83300
Creating Pair Instance: 83400
Creating Pair Instance: 83500
Creating Pair Instance: 83600
Creating Pair Instance: 83700
Creating Pair Instance: 83800
Creating Pair Instance: 83900
Creating Pair Instance: 84000
Creating Pair Instance: 84100
Creating Pair Instance: 84200
Creating Pair Instance: 84300
Creating Pair Instance: 84400
Creating Pair Instance: 84500
Creating Pair Instance: 84600
Creating Pair Instance: 84700
Creating Pair Instance: 84800
Creating Pair Instance: 84900
Creating Pair Instance: 85000
Creating Pair Instance: 85100
Creating Pair Instance: 85200
Creating Pair Instance: 85300
Creating Pair Instance: 85400
Creating Pair Instance: 85500
Creating Pair Instance: 85600
Creating Pair Instance: 85700
Creating Pair Instance: 85800
Creating Pair Instance: 85900
Creating Pair Instance: 86000
Creating Pair Instance: 86100
Creating Pair Instance: 86200
Creating Pair Instance: 86300
Creating Pair Instance: 86400
Creating Pair Instance: 86500
Creating Pair Instance: 86600
Creating Pair Instance: 86700
Creating Pair Instance: 86800
Creating Pair Instance: 86900
Creating Pair Instance: 87000
Creating Pair Instance: 87100
Creating Pair Instance: 87200
Creating Pair Instance: 87300
Creating Pair Instance: 87400
Creating Pair Instance: 87500
Creating Pair Instance: 87600
Creating Pair Instance: 87700
Creating Pair Instance: 87800
Creating Pair Instance: 87900
Creating Pair Instance: 88000
Creating Pair Instance: 88100
Creating Pair Instance: 88200
Creating Pair Instance: 88300
Creating Pair Instance: 88400
Creating Pair Instance: 88500
Creating Pair Instance: 88600
Creating Pair Instance: 88700
Creating Pair Instance: 88800
Creating Pair Instance: 88900
Creating Pair Instance: 89000
Creating Pair Instance: 89100
Creating Pair Instance: 89200
Creating Pair Instance: 89300
Creating Pair Instance: 89400
Creating Pair Instance: 89500
Creating Pair Instance: 89600
Creating Pair Instance: 89700
Creating Pair Instance: 89800
Creating Pair Instance: 89900
Creating Pair Instance: 90000
Creating Pair Instance: 90100
Creating Pair Instance: 90200
Creating Pair Instance: 90300
Creating Pair Instance: 90400
Creating Pair Instance: 90500
Creating Pair Instance: 90600
Creating Pair Instance: 90700
Creating Pair Instance: 90800
Creating Pair Instance: 90900
Creating Pair Instance: 91000
Creating Pair Instance: 91100
Creating Pair Instance: 91200
Creating Pair Instance: 91300
Creating Pair Instance: 91400
Creating Pair Instance: 91500
Creating Pair Instance: 91600
Creating Pair Instance: 91700
Creating Pair Instance: 91800
Creating Pair Instance: 91900
Creating Pair Instance: 92000
Creating Pair Instance: 92100
Creating Pair Instance: 92200
Creating Pair Instance: 92300
Creating Pair Instance: 92400
Creating Pair Instance: 92500
Creating Pair Instance: 92600
Creating Pair Instance: 92700
Creating Pair Instance: 92800
Creating Pair Instance: 92900
Creating Pair Instance: 93000
Creating Pair Instance: 93100
Creating Pair Instance: 93200
Creating Pair Instance: 93300
Creating Pair Instance: 93400
Creating Pair Instance: 93500
Creating Pair Instance: 93600
Creating Pair Instance: 93700
Creating Pair Instance: 93800
Creating Pair Instance: 93900
Creating Pair Instance: 94000
Creating Pair Instance: 94100
Creating Pair Instance: 94200
Creating Pair Instance: 94300
Creating Pair Instance: 94400
Creating Pair Instance: 94500
Creating Pair Instance: 94600
Creating Pair Instance: 94700
Creating Pair Instance: 94800
Creating Pair Instance: 94900
Creating Pair Instance: 95000
Creating Pair Instance: 95100
Creating Pair Instance: 95200
Creating Pair Instance: 95300
Creating Pair Instance: 95400
Creating Pair Instance: 95500
Creating Pair Instance: 95600
Creating Pair Instance: 95700
Creating Pair Instance: 95800
Creating Pair Instance: 95900
Creating Pair Instance: 96000
Creating Pair Instance: 96100
Creating Pair Instance: 96200
Creating Pair Instance: 96300
Creating Pair Instance: 96400
Creating Pair Instance: 96500
Creating Pair Instance: 96600
Creating Pair Instance: 96700
Creating Pair Instance: 96800
Creating Pair Instance: 96900
Creating Pair Instance: 97000
Creating Pair Instance: 97100
Creating Pair Instance: 97200
Creating Pair Instance: 97300
Creating Pair Instance: 97400
Creating Pair Instance: 97500
Creating Pair Instance: 97600
Creating Pair Instance: 97700
Creating Pair Instance: 97800
Creating Pair Instance: 97900
Creating Pair Instance: 98000
Creating Pair Instance: 98100
Creating Pair Instance: 98200
Creating Pair Instance: 98300
Creating Pair Instance: 98400
Creating Pair Instance: 98500
Creating Pair Instance: 98600
Creating Pair Instance: 98700
Creating Pair Instance: 98800
Creating Pair Instance: 98900
Creating Pair Instance: 99000
Creating Pair Instance: 99100
Creating Pair Instance: 99200
Creating Pair Instance: 99300
Creating Pair Instance: 99400
Creating Pair Instance: 99500
Creating Pair Instance: 99600
Creating Pair Instance: 99700
Creating Pair Instance: 99800
Creating Pair Instance: 99900
Creating Pair Instance: 100000
Creating Pair Instance: 100100
Creating Pair Instance: 100200
Creating Pair Instance: 100300
Creating Pair Instance: 100400
Creating Pair Instance: 100500
Creating Pair Instance: 100600
Creating Pair Instance: 100700
Creating Pair Instance: 100800
Creating Pair Instance: 100900
Creating Pair Instance: 101000
Creating Pair Instance: 101100
Creating Pair Instance: 101200
Creating Pair Instance: 101300
Creating Pair Instance: 101400
Creating Pair Instance: 101500
Creating Pair Instance: 101600
Creating Pair Instance: 101700
Creating Pair Instance: 101800
Creating Pair Instance: 101900
Creating Pair Instance: 102000
Creating Pair Instance: 102100
Creating Pair Instance: 102200
Creating Pair Instance: 102300
